<?xml version="1.0" encoding="UTF-8"?>
<!-- Generated by org.testng.reporters.JUnitReportReporter -->
<testsuite skipped="0" hostname="Daniel-PC" name="com.project.pom.LoginTest" tests="1" failures="0" timestamp="2020-06-04T19:54:58 COT" time="41.889" errors="0">
  <testcase name="test" time="41.889" classname="com.project.pom.LoginTest"/>
  <system-out/>
</testsuite> <!-- com.project.pom.LoginTest -->
