<?xml version="1.0" encoding="UTF-8"?>
<!-- Generated by org.testng.reporters.JUnitReportReporter -->
<testsuite skipped="0" hostname="LAPTOP-G7DN9HJV" name="com.project.test.LoginTest" tests="1" failures="0" timestamp="2022-09-15T03:31:32 COT" time="4.308" errors="0">
  <testcase name="test" time="4.308" classname="com.project.test.LoginTest"/>
  <system-out/>
</testsuite> <!-- com.project.test.LoginTest -->
