<?xml version="1.0" encoding="UTF-8"?>
<!-- Generated by org.testng.reporters.JUnitReportReporter -->
<testsuite skipped="0" hostname="LAPTOP-G7DN9HJV" name="com.project.test.AgregarCarritoTest" tests="1" failures="0" timestamp="2020-07-12T23:28:09 COT" time="0.300" errors="0">
  <testcase name="agregarCarritoTest" time="0.300" classname="com.project.test.AgregarCarritoTest"/>
  <system-out/>
</testsuite> <!-- com.project.test.AgregarCarritoTest -->
