<?xml version="1.0" encoding="UTF-8"?>
<!-- Generated by org.testng.reporters.JUnitReportReporter -->
<testsuite skipped="0" hostname="LAPTOP-G7DN9HJV" name="com.project.test.OrderProductWithHigherPrice" tests="1" failures="0" timestamp="2022-09-15T03:39:04 COT" time="2.325" errors="0">
  <testcase name="test" time="2.325" classname="com.project.test.OrderProductWithHigherPrice"/>
  <system-out/>
</testsuite> <!-- com.project.test.OrderProductWithHigherPrice -->
